Preloaded 'discord_game_sdk.so'
Preloaded 'libAkSoundEngine.so'
Preloaded 'libRF_CNative_lin.so'
Preloaded 'lib_burst_generated.so'
Preloaded 'libsteam_api.so'
Display 0 'XWAYLAND0 32"': 2560x1440 (primary device).
Desktop is 2560 x 1440 @ 144 Hz
[Vulkan init] extensions: count=20
[Vulkan init] extensions: name=VK_KHR_device_group_creation, enabled=0
[Vulkan init] extensions: name=VK_KHR_display, enabled=1
[Vulkan init] extensions: name=VK_KHR_external_fence_capabilities, enabled=0
[Vulkan init] extensions: name=VK_KHR_external_memory_capabilities, enabled=0
[Vulkan init] extensions: name=VK_KHR_external_semaphore_capabilities, enabled=0
[Vulkan init] extensions: name=VK_KHR_get_display_properties2, enabled=0
[Vulkan init] extensions: name=VK_KHR_get_physical_device_properties2, enabled=1
[Vulkan init] extensions: name=VK_KHR_get_surface_capabilities2, enabled=0
[Vulkan init] extensions: name=VK_KHR_surface, enabled=1
[Vulkan init] extensions: name=VK_KHR_surface_protected_capabilities, enabled=0
[Vulkan init] extensions: name=VK_KHR_wayland_surface, enabled=1
[Vulkan init] extensions: name=VK_KHR_xcb_surface, enabled=0
[Vulkan init] extensions: name=VK_KHR_xlib_surface, enabled=1
[Vulkan init] extensions: name=VK_EXT_acquire_drm_display, enabled=0
[Vulkan init] extensions: name=VK_EXT_acquire_xlib_display, enabled=0
[Vulkan init] extensions: name=VK_EXT_debug_report, enabled=0
[Vulkan init] extensions: name=VK_EXT_debug_utils, enabled=0
[Vulkan init] extensions: name=VK_EXT_direct_mode_display, enabled=0
[Vulkan init] extensions: name=VK_EXT_display_surface_counter, enabled=0
[Vulkan init] extensions: name=VK_KHR_portability_enumeration, enabled=0
Vulkan detection: 2
Initialize engine version: 2020.3.25f1 (9b9180224418)
[Subsystems] Discovering subsystems at path /home/jflx/.local/share/Steam/steamapps/common/Soulstone Survivors Prologue/Soulstone-Survivors_Data/UnitySubsystems
GfxDevice: creating device client; threaded=1
[Vulkan init] extensions: count=20
[Vulkan init] extensions: name=VK_KHR_device_group_creation, enabled=0
[Vulkan init] extensions: name=VK_KHR_display, enabled=1
[Vulkan init] extensions: name=VK_KHR_external_fence_capabilities, enabled=0
[Vulkan init] extensions: name=VK_KHR_external_memory_capabilities, enabled=0
[Vulkan init] extensions: name=VK_KHR_external_semaphore_capabilities, enabled=0
[Vulkan init] extensions: name=VK_KHR_get_display_properties2, enabled=0
[Vulkan init] extensions: name=VK_KHR_get_physical_device_properties2, enabled=1
[Vulkan init] extensions: name=VK_KHR_get_surface_capabilities2, enabled=0
[Vulkan init] extensions: name=VK_KHR_surface, enabled=1
[Vulkan init] extensions: name=VK_KHR_surface_protected_capabilities, enabled=0
[Vulkan init] extensions: name=VK_KHR_wayland_surface, enabled=1
[Vulkan init] extensions: name=VK_KHR_xcb_surface, enabled=0
[Vulkan init] extensions: name=VK_KHR_xlib_surface, enabled=1
[Vulkan init] extensions: name=VK_EXT_acquire_drm_display, enabled=0
[Vulkan init] extensions: name=VK_EXT_acquire_xlib_display, enabled=0
[Vulkan init] extensions: name=VK_EXT_debug_report, enabled=0
[Vulkan init] extensions: name=VK_EXT_debug_utils, enabled=0
[Vulkan init] extensions: name=VK_EXT_direct_mode_display, enabled=0
[Vulkan init] extensions: name=VK_EXT_display_surface_counter, enabled=0
[Vulkan init] extensions: name=VK_KHR_portability_enumeration, enabled=0
[Vulkan init] SelectPhysicalDevice requestedDeviceIndex=-1 xrDevice=(nil)
[Vulkan init] Physical Device 0x10937d0 [0]: "AMD Radeon RX 5700 XT (RADV NAVI10)" deviceType=2 vendorID=1002 deviceID=731f
[Vulkan init] Selected physical device 0x10937d0
[Vulkan init] Graphics queue count=1
[Vulkan init] extensions: count=146
[Vulkan init] extensions: name=VK_KHR_8bit_storage, enabled=0
[Vulkan init] extensions: name=VK_KHR_16bit_storage, enabled=0
[Vulkan init] extensions: name=VK_KHR_bind_memory2, enabled=0
[Vulkan init] extensions: name=VK_KHR_buffer_device_address, enabled=0
[Vulkan init] extensions: name=VK_KHR_copy_commands2, enabled=0
[Vulkan init] extensions: name=VK_KHR_create_renderpass2, enabled=1
[Vulkan init] extensions: name=VK_KHR_dedicated_allocation, enabled=1
[Vulkan init] extensions: name=VK_KHR_deferred_host_operations, enabled=0
[Vulkan init] extensions: name=VK_KHR_depth_stencil_resolve, enabled=1
[Vulkan init] extensions: name=VK_KHR_descriptor_update_template, enabled=1
[Vulkan init] extensions: name=VK_KHR_device_group, enabled=0
[Vulkan init] extensions: name=VK_KHR_draw_indirect_count, enabled=0
[Vulkan init] extensions: name=VK_KHR_driver_properties, enabled=0
[Vulkan init] extensions: name=VK_KHR_dynamic_rendering, enabled=0
[Vulkan init] extensions: name=VK_KHR_external_fence, enabled=0
[Vulkan init] extensions: name=VK_KHR_external_fence_fd, enabled=0
[Vulkan init] extensions: name=VK_KHR_external_memory, enabled=0
[Vulkan init] extensions: name=VK_KHR_external_memory_fd, enabled=0
[Vulkan init] extensions: name=VK_KHR_external_semaphore, enabled=0
[Vulkan init] extensions: name=VK_KHR_external_semaphore_fd, enabled=0
[Vulkan init] extensions: name=VK_KHR_format_feature_flags2, enabled=0
[Vulkan init] extensions: name=VK_KHR_get_memory_requirements2, enabled=1
[Vulkan init] extensions: name=VK_KHR_global_priority, enabled=0
[Vulkan init] extensions: name=VK_KHR_image_format_list, enabled=1
[Vulkan init] extensions: name=VK_KHR_imageless_framebuffer, enabled=0
[Vulkan init] extensions: name=VK_KHR_incremental_present, enabled=0
[Vulkan init] extensions: name=VK_KHR_maintenance1, enabled=1
[Vulkan init] extensions: name=VK_KHR_maintenance2, enabled=1
[Vulkan init] extensions: name=VK_KHR_maintenance3, enabled=0
[Vulkan init] extensions: name=VK_KHR_maintenance4, enabled=0
[Vulkan init] extensions: name=VK_KHR_multiview, enabled=1
[Vulkan init] extensions: name=VK_KHR_pipeline_executable_properties, enabled=0
[Vulkan init] extensions: name=VK_KHR_pipeline_library, enabled=0
[Vulkan init] extensions: name=VK_KHR_push_descriptor, enabled=0
[Vulkan init] extensions: name=VK_KHR_relaxed_block_layout, enabled=0
[Vulkan init] extensions: name=VK_KHR_sampler_mirror_clamp_to_edge, enabled=1
[Vulkan init] extensions: name=VK_KHR_sampler_ycbcr_conversion, enabled=0
[Vulkan init] extensions: name=VK_KHR_separate_depth_stencil_layouts, enabled=0
[Vulkan init] extensions: name=VK_KHR_shader_atomic_int64, enabled=0
[Vulkan init] extensions: name=VK_KHR_shader_clock, enabled=0
[Vulkan init] extensions: name=VK_KHR_shader_draw_parameters, enabled=0
[Vulkan init] extensions: name=VK_KHR_shader_float16_int8, enabled=0
[Vulkan init] extensions: name=VK_KHR_shader_float_controls, enabled=0
[Vulkan init] extensions: name=VK_KHR_shader_integer_dot_product, enabled=0
[Vulkan init] extensions: name=VK_KHR_shader_non_semantic_info, enabled=0
[Vulkan init] extensions: name=VK_KHR_shader_subgroup_extended_types, enabled=0
[Vulkan init] extensions: name=VK_KHR_shader_subgroup_uniform_control_flow, enabled=0
[Vulkan init] extensions: name=VK_KHR_shader_terminate_invocation, enabled=0
[Vulkan init] extensions: name=VK_KHR_spirv_1_4, enabled=0
[Vulkan init] extensions: name=VK_KHR_storage_buffer_storage_class, enabled=0
[Vulkan init] extensions: name=VK_KHR_swapchain, enabled=1
[Vulkan init] extensions: name=VK_KHR_swapchain_mutable_format, enabled=0
[Vulkan init] extensions: name=VK_KHR_synchronization2, enabled=0
[Vulkan init] extensions: name=VK_KHR_timeline_semaphore, enabled=0
[Vulkan init] extensions: name=VK_KHR_uniform_buffer_standard_layout, enabled=0
[Vulkan init] extensions: name=VK_KHR_variable_pointers, enabled=0
[Vulkan init] extensions: name=VK_KHR_vulkan_memory_model, enabled=0
[Vulkan init] extensions: name=VK_KHR_workgroup_memory_explicit_layout, enabled=0
[Vulkan init] extensions: name=VK_KHR_zero_initialize_workgroup_memory, enabled=0
[Vulkan init] extensions: name=VK_EXT_4444_formats, enabled=0
[Vulkan init] extensions: name=VK_EXT_attachment_feedback_loop_layout, enabled=0
[Vulkan init] extensions: name=VK_EXT_border_color_swizzle, enabled=0
[Vulkan init] extensions: name=VK_EXT_buffer_device_address, enabled=0
[Vulkan init] extensions: name=VK_EXT_calibrated_timestamps, enabled=0
[Vulkan init] extensions: name=VK_EXT_color_write_enable, enabled=0
[Vulkan init] extensions: name=VK_EXT_conditional_rendering, enabled=0
[Vulkan init] extensions: name=VK_EXT_conservative_rasterization, enabled=1
[Vulkan init] extensions: name=VK_EXT_custom_border_color, enabled=0
[Vulkan init] extensions: name=VK_EXT_depth_clip_control, enabled=0
[Vulkan init] extensions: name=VK_EXT_depth_clip_enable, enabled=0
[Vulkan init] extensions: name=VK_EXT_depth_range_unrestricted, enabled=0
[Vulkan init] extensions: name=VK_EXT_descriptor_indexing, enabled=0
[Vulkan init] extensions: name=VK_EXT_discard_rectangles, enabled=0
[Vulkan init] extensions: name=VK_EXT_display_control, enabled=0
[Vulkan init] extensions: name=VK_EXT_extended_dynamic_state, enabled=0
[Vulkan init] extensions: name=VK_EXT_extended_dynamic_state2, enabled=0
[Vulkan init] extensions: name=VK_EXT_extended_dynamic_state3, enabled=0
[Vulkan init] extensions: name=VK_EXT_external_memory_dma_buf, enabled=0
[Vulkan init] extensions: name=VK_EXT_external_memory_host, enabled=0
[Vulkan init] extensions: name=VK_EXT_global_priority, enabled=0
[Vulkan init] extensions: name=VK_EXT_global_priority_query, enabled=0
[Vulkan init] extensions: name=VK_EXT_host_query_reset, enabled=0
[Vulkan init] extensions: name=VK_EXT_image_2d_view_of_3d, enabled=0
[Vulkan init] extensions: name=VK_EXT_image_drm_format_modifier, enabled=0
[Vulkan init] extensions: name=VK_EXT_image_robustness, enabled=0
[Vulkan init] extensions: name=VK_EXT_image_view_min_lod, enabled=0
[Vulkan init] extensions: name=VK_EXT_index_type_uint8, enabled=0
[Vulkan init] extensions: name=VK_EXT_inline_uniform_block, enabled=0
[Vulkan init] extensions: name=VK_EXT_line_rasterization, enabled=0
[Vulkan init] extensions: name=VK_EXT_load_store_op_none, enabled=0
[Vulkan init] extensions: name=VK_EXT_memory_budget, enabled=0
[Vulkan init] extensions: name=VK_EXT_memory_priority, enabled=0
[Vulkan init] extensions: name=VK_EXT_multi_draw, enabled=0
[Vulkan init] extensions: name=VK_EXT_mutable_descriptor_type, enabled=0
[Vulkan init] extensions: name=VK_EXT_non_seamless_cube_map, enabled=0
[Vulkan init] extensions: name=VK_EXT_pci_bus_info, enabled=0
[Vulkan init] extensions: name=VK_EXT_physical_device_drm, enabled=0
[Vulkan init] extensions: name=VK_EXT_pipeline_creation_cache_control, enabled=0
[Vulkan init] extensions: name=VK_EXT_pipeline_creation_feedback, enabled=0
[Vulkan init] extensions: name=VK_EXT_post_depth_coverage, enabled=0
[Vulkan init] extensions: name=VK_EXT_primitive_topology_list_restart, enabled=0
[Vulkan init] extensions: name=VK_EXT_primitives_generated_query, enabled=0
[Vulkan init] extensions: name=VK_EXT_private_data, enabled=0
[Vulkan init] extensions: name=VK_EXT_provoking_vertex, enabled=0
[Vulkan init] extensions: name=VK_EXT_queue_family_foreign, enabled=0
[Vulkan init] extensions: name=VK_EXT_robustness2, enabled=0
[Vulkan init] extensions: name=VK_EXT_sampler_filter_minmax, enabled=0
[Vulkan init] extensions: name=VK_EXT_scalar_block_layout, enabled=0
[Vulkan init] extensions: name=VK_EXT_separate_stencil_usage, enabled=0
[Vulkan init] extensions: name=VK_EXT_shader_atomic_float, enabled=0
[Vulkan init] extensions: name=VK_EXT_shader_atomic_float2, enabled=0
[Vulkan init] extensions: name=VK_EXT_shader_demote_to_helper_invocation, enabled=0
[Vulkan init] extensions: name=VK_EXT_shader_image_atomic_int64, enabled=0
[Vulkan init] extensions: name=VK_EXT_shader_module_identifier, enabled=0
[Vulkan init] extensions: name=VK_EXT_shader_stencil_export, enabled=0
[Vulkan init] extensions: name=VK_EXT_shader_subgroup_ballot, enabled=0
[Vulkan init] extensions: name=VK_EXT_shader_subgroup_vote, enabled=0
[Vulkan init] extensions: name=VK_EXT_shader_viewport_index_layer, enabled=1
[Vulkan init] extensions: name=VK_EXT_subgroup_size_control, enabled=0
[Vulkan init] extensions: name=VK_EXT_texel_buffer_alignment, enabled=0
[Vulkan init] extensions: name=VK_EXT_transform_feedback, enabled=0
[Vulkan init] extensions: name=VK_EXT_vertex_attribute_divisor, enabled=0
[Vulkan init] extensions: name=VK_EXT_vertex_input_dynamic_state, enabled=0
[Vulkan init] extensions: name=VK_EXT_ycbcr_image_arrays, enabled=0
[Vulkan init] extensions: name=VK_AMD_buffer_marker, enabled=0
[Vulkan init] extensions: name=VK_AMD_device_coherent_memory, enabled=0
[Vulkan init] extensions: name=VK_AMD_draw_indirect_count, enabled=0
[Vulkan init] extensions: name=VK_AMD_gcn_shader, enabled=0
[Vulkan init] extensions: name=VK_AMD_gpu_shader_half_float, enabled=0
[Vulkan init] extensions: name=VK_AMD_gpu_shader_int16, enabled=0
[Vulkan init] extensions: name=VK_AMD_memory_overallocation_behavior, enabled=0
[Vulkan init] extensions: name=VK_AMD_mixed_attachment_samples, enabled=0
[Vulkan init] extensions: name=VK_AMD_shader_ballot, enabled=0
[Vulkan init] extensions: name=VK_AMD_shader_core_properties, enabled=0
[Vulkan init] extensions: name=VK_AMD_shader_core_properties2, enabled=0
[Vulkan init] extensions: name=VK_AMD_shader_explicit_vertex_parameter, enabled=0
[Vulkan init] extensions: name=VK_AMD_shader_fragment_mask, enabled=0
[Vulkan init] extensions: name=VK_AMD_shader_image_load_store_lod, enabled=0
[Vulkan init] extensions: name=VK_AMD_shader_trinary_minmax, enabled=0
[Vulkan init] extensions: name=VK_AMD_texture_gather_bias_lod, enabled=0
[Vulkan init] extensions: name=VK_GOOGLE_decorate_string, enabled=0
[Vulkan init] extensions: name=VK_GOOGLE_hlsl_functionality1, enabled=0
[Vulkan init] extensions: name=VK_GOOGLE_user_type, enabled=0
[Vulkan init] extensions: name=VK_INTEL_shader_integer_functions2, enabled=0
[Vulkan init] extensions: name=VK_NV_compute_shader_derivatives, enabled=0
[Vulkan init] extensions: name=VK_VALVE_mutable_descriptor_type, enabled=0
Fossilize INFO: Overriding serialization path: "/home/jflx/.local/share/Steam/steamapps/shadercache/2113430/fozpipelinesv6/steamapprun_pipeline_cache".
Vulkan API version 1.1.0 (1.3.230 supported by driver, 1.1.0 requested)
Vulkan vendor=[ATI] id=[1002]
Vulkan renderer=[AMD Radeon RX 5700 XT (RADV NAVI10)] id=[731f]
Vulkan device type 2
Vulkan driverversion=[0x05803006] uint=[92286982]
Vulkan PSO: Cache data successfully loaded [size=544288,path=/tmp/Game Smithing/Soulstone Survivors/vulkan_pso_cache.bin]
requesting resize 2560 x 1440
Using native desktop resolution 2560 x 1440
requesting fullscreen 2560 x 1440 at 0 Hz
Desktop is 2560 x 1440 @ 144 Hz
InitializeOrResetSwapChain 2560x1440 hdr=0 samples=1
UnloadTime: 0.402410 ms
Odin Serializer ArchitectureInfo initialization with defaults (all unaligned read/writes disabled).
Sirenix.Serialization.UnitySerializationInitializer:Initialize()

Odin Serializer detected whitelisted runtime platform LinuxPlayer and memory read test succeeded; enabling all unaligned memory read/writes.
Sirenix.Serialization.ArchitectureInfo:SetRuntimePlatform(RuntimePlatform)
Sirenix.Serialization.UnitySerializationInitializer:Initialize()

WwiseUnity: Wwise(R) SDK Version 2021.1.7 Build 7796.
AkWwiseInitializationSettings:InitializeSoundEngine()

WwiseUnity: Setting Plugin DLL path to: /home/jflx/.local/share/Steam/steamapps/common/Soulstone Survivors Prologue/Soulstone-Survivors_Data/Plugins/
AkCommonUserSettings:CopyTo(AkInitSettings)
AkCommonPlatformSettings:get_AkInitializationSettings()
AkWwiseInitializationSettings:InitializeSoundEngine()

WwiseUnity: Sound engine initialized successfully.
AkWwiseInitializationSettings:InitializeSoundEngine()

Control scheme changed to: [Keyboard]
InputManager:OnControlsChanged(PlayerInput)
UnityEngine.InputSystem.PlayerInput:OnEnable()

[S_API] SteamAPI_Init(): Loaded '/home/jflx/.local/share/Steam/linux64/steamclient.so' OK.
Setting breakpad minidump AppID = 2113430
SteamInternal_SetMinidumpSteamID:  Caching Steam ID:  76561198000930043 [API loaded no]
Game is running version [0.9.030g2].
MainUIManager:Start()

Checking if system language [en] is supported...
LocalizationManager:Setup(CultureInfo)
MainUIManager:Start()

Unloading 7 Unused Serialized files (Serialized files now loaded: 0)
UnloadTime: 0.431700 ms

Unloading 6 unused Assets to reduce memory usage. Loaded Objects now: 39259.
Total: 39.076980 ms (FindLiveObjects: 1.738200 ms CreateObjectMapping: 0.894450 ms MarkObjects: 36.399290 ms  DeleteObjects: 0.044660 ms)

Trying to load meta
SaveLoadUtil:LoadOrCreateNewProfile(Int32, PlayerProfile&, String&, String&)
SplashScreenPanel:SetSaveSlotLabel(LocalizedLabelWithParams, Int32)
SplashScreenPanel:UpdateCurrentlySelected(Boolean)
MenuManager:Start()

Trying to load currencies
SaveLoadUtil:LoadOrCreateNewProfile(Int32, PlayerProfile&, String&, String&)
SplashScreenPanel:SetSaveSlotLabel(LocalizedLabelWithParams, Int32)
SplashScreenPanel:UpdateCurrentlySelected(Boolean)
MenuManager:Start()

Trying to load unlockedcharacters
SaveLoadUtil:LoadOrCreateNewProfile(Int32, PlayerProfile&, String&, String&)
SplashScreenPanel:SetSaveSlotLabel(LocalizedLabelWithParams, Int32)
SplashScreenPanel:UpdateCurrentlySelected(Boolean)
MenuManager:Start()

Trying to load character
SaveLoadUtil:LoadOrCreateNewProfile(Int32, PlayerProfile&, String&, String&)
SplashScreenPanel:SetSaveSlotLabel(LocalizedLabelWithParams, Int32)
SplashScreenPanel:UpdateCurrentlySelected(Boolean)
MenuManager:Start()

Trying to load unlockedweapons
SaveLoadUtil:LoadOrCreateNewProfile(Int32, PlayerProfile&, String&, String&)
SplashScreenPanel:SetSaveSlotLabel(LocalizedLabelWithParams, Int32)
SplashScreenPanel:UpdateCurrentlySelected(Boolean)
MenuManager:Start()

Trying to load weaponpercharaters
SaveLoadUtil:LoadOrCreateNewProfile(Int32, PlayerProfile&, String&, String&)
SplashScreenPanel:SetSaveSlotLabel(LocalizedLabelWithParams, Int32)
SplashScreenPanel:UpdateCurrentlySelected(Boolean)
MenuManager:Start()

Trying to load inventory
SaveLoadUtil:LoadOrCreateNewProfile(Int32, PlayerProfile&, String&, String&)
SplashScreenPanel:SetSaveSlotLabel(LocalizedLabelWithParams, Int32)
SplashScreenPanel:UpdateCurrentlySelected(Boolean)
MenuManager:Start()

Trying to load skilltree
SaveLoadUtil:LoadOrCreateNewProfile(Int32, PlayerProfile&, String&, String&)
SplashScreenPanel:SetSaveSlotLabel(LocalizedLabelWithParams, Int32)
SplashScreenPanel:UpdateCurrentlySelected(Boolean)
MenuManager:Start()

Trying to load mapprogression
SaveLoadUtil:LoadOrCreateNewProfile(Int32, PlayerProfile&, String&, String&)
SplashScreenPanel:SetSaveSlotLabel(LocalizedLabelWithParams, Int32)
SplashScreenPanel:UpdateCurrentlySelected(Boolean)
MenuManager:Start()

Trying to load gamestats
SaveLoadUtil:LoadOrCreateNewProfile(Int32, PlayerProfile&, String&, String&)
SplashScreenPanel:SetSaveSlotLabel(LocalizedLabelWithParams, Int32)
SplashScreenPanel:UpdateCurrentlySelected(Boolean)
MenuManager:Start()

Trying to load characterprogression
SaveLoadUtil:LoadOrCreateNewProfile(Int32, PlayerProfile&, String&, String&)
SplashScreenPanel:SetSaveSlotLabel(LocalizedLabelWithParams, Int32)
SplashScreenPanel:UpdateCurrentlySelected(Boolean)
MenuManager:Start()

Trying to load achievementprogression
SaveLoadUtil:LoadOrCreateNewProfile(Int32, PlayerProfile&, String&, String&)
SplashScreenPanel:SetSaveSlotLabel(LocalizedLabelWithParams, Int32)
SplashScreenPanel:UpdateCurrentlySelected(Boolean)
MenuManager:Start()

Trying to load runes
SaveLoadUtil:LoadOrCreateNewProfile(Int32, PlayerProfile&, String&, String&)
SplashScreenPanel:SetSaveSlotLabel(LocalizedLabelWithParams, Int32)
SplashScreenPanel:UpdateCurrentlySelected(Boolean)
MenuManager:Start()

Migrating unlocked character data
SaveLoadUtil:LoadOrCreateNewProfile(Int32, PlayerProfile&, String&, String&)
SplashScreenPanel:SetSaveSlotLabel(LocalizedLabelWithParams, Int32)
SplashScreenPanel:UpdateCurrentlySelected(Boolean)
MenuManager:Start()

Migrating no character available
SaveLoadUtil:LoadOrCreateNewProfile(Int32, PlayerProfile&, String&, String&)
SplashScreenPanel:SetSaveSlotLabel(LocalizedLabelWithParams, Int32)
SplashScreenPanel:UpdateCurrentlySelected(Boolean)
MenuManager:Start()

Migrating equipped weapons
SaveLoadUtil:LoadOrCreateNewProfile(Int32, PlayerProfile&, String&, String&)
SplashScreenPanel:SetSaveSlotLabel(LocalizedLabelWithParams, Int32)
SplashScreenPanel:UpdateCurrentlySelected(Boolean)
MenuManager:Start()

Migrating unlocked weapons
SaveLoadUtil:LoadOrCreateNewProfile(Int32, PlayerProfile&, String&, String&)
SplashScreenPanel:SetSaveSlotLabel(LocalizedLabelWithParams, Int32)
SplashScreenPanel:UpdateCurrentlySelected(Boolean)
MenuManager:Start()

Migrating character progress
SaveLoadUtil:LoadOrCreateNewProfile(Int32, PlayerProfile&, String&, String&)
SplashScreenPanel:SetSaveSlotLabel(LocalizedLabelWithParams, Int32)
SplashScreenPanel:UpdateCurrentlySelected(Boolean)
MenuManager:Start()

Verifying affixes
SaveLoadUtil:LoadOrCreateNewProfile(Int32, PlayerProfile&, String&, String&)
SplashScreenPanel:SetSaveSlotLabel(LocalizedLabelWithParams, Int32)
SplashScreenPanel:UpdateCurrentlySelected(Boolean)
MenuManager:Start()

Trying to load meta
SaveLoadUtil:LoadOrCreateNewProfile(Int32, PlayerProfile&, String&, String&)
SplashScreenPanel:OnNextPressed()
UnityEngine.Events.UnityAction:Invoke()
UnityEngine.Events.UnityEvent:Invoke()
UnityEngine.EventSystems.EventFunction`1:Invoke(T1, BaseEventData)
UnityEngine.EventSystems.ExecuteEvents:Execute(GameObject, BaseEventData, EventFunction`1)
UnityEngine.InputSystem.UI.InputSystemUIInputModule:ProcessPointerButton(ButtonState&, PointerEventData)
UnityEngine.InputSystem.UI.InputSystemUIInputModule:ProcessPointer(PointerModel&)
UnityEngine.InputSystem.UI.InputSystemUIInputModule:Process()

Trying to load currencies
SaveLoadUtil:LoadOrCreateNewProfile(Int32, PlayerProfile&, String&, String&)
SplashScreenPanel:OnNextPressed()
UnityEngine.Events.UnityAction:Invoke()
UnityEngine.Events.UnityEvent:Invoke()
UnityEngine.EventSystems.EventFunction`1:Invoke(T1, BaseEventData)
UnityEngine.EventSystems.ExecuteEvents:Execute(GameObject, BaseEventData, EventFunction`1)
UnityEngine.InputSystem.UI.InputSystemUIInputModule:ProcessPointerButton(ButtonState&, PointerEventData)
UnityEngine.InputSystem.UI.InputSystemUIInputModule:ProcessPointer(PointerModel&)
UnityEngine.InputSystem.UI.InputSystemUIInputModule:Process()

Trying to load unlockedcharacters
SaveLoadUtil:LoadOrCreateNewProfile(Int32, PlayerProfile&, String&, String&)
SplashScreenPanel:OnNextPressed()
UnityEngine.Events.UnityAction:Invoke()
UnityEngine.Events.UnityEvent:Invoke()
UnityEngine.EventSystems.EventFunction`1:Invoke(T1, BaseEventData)
UnityEngine.EventSystems.ExecuteEvents:Execute(GameObject, BaseEventData, EventFunction`1)
UnityEngine.InputSystem.UI.InputSystemUIInputModule:ProcessPointerButton(ButtonState&, PointerEventData)
UnityEngine.InputSystem.UI.InputSystemUIInputModule:ProcessPointer(PointerModel&)
UnityEngine.InputSystem.UI.InputSystemUIInputModule:Process()

Trying to load character
SaveLoadUtil:LoadOrCreateNewProfile(Int32, PlayerProfile&, String&, String&)
SplashScreenPanel:OnNextPressed()
UnityEngine.Events.UnityAction:Invoke()
UnityEngine.Events.UnityEvent:Invoke()
UnityEngine.EventSystems.EventFunction`1:Invoke(T1, BaseEventData)
UnityEngine.EventSystems.ExecuteEvents:Execute(GameObject, BaseEventData, EventFunction`1)
UnityEngine.InputSystem.UI.InputSystemUIInputModule:ProcessPointerButton(ButtonState&, PointerEventData)
UnityEngine.InputSystem.UI.InputSystemUIInputModule:ProcessPointer(PointerModel&)
UnityEngine.InputSystem.UI.InputSystemUIInputModule:Process()

Trying to load unlockedweapons
SaveLoadUtil:LoadOrCreateNewProfile(Int32, PlayerProfile&, String&, String&)
SplashScreenPanel:OnNextPressed()
UnityEngine.Events.UnityAction:Invoke()
UnityEngine.Events.UnityEvent:Invoke()
UnityEngine.EventSystems.EventFunction`1:Invoke(T1, BaseEventData)
UnityEngine.EventSystems.ExecuteEvents:Execute(GameObject, BaseEventData, EventFunction`1)
UnityEngine.InputSystem.UI.InputSystemUIInputModule:ProcessPointerButton(ButtonState&, PointerEventData)
UnityEngine.InputSystem.UI.InputSystemUIInputModule:ProcessPointer(PointerModel&)
UnityEngine.InputSystem.UI.InputSystemUIInputModule:Process()

Trying to load weaponpercharaters
SaveLoadUtil:LoadOrCreateNewProfile(Int32, PlayerProfile&, String&, String&)
SplashScreenPanel:OnNextPressed()
UnityEngine.Events.UnityAction:Invoke()
UnityEngine.Events.UnityEvent:Invoke()
UnityEngine.EventSystems.EventFunction`1:Invoke(T1, BaseEventData)
UnityEngine.EventSystems.ExecuteEvents:Execute(GameObject, BaseEventData, EventFunction`1)
UnityEngine.InputSystem.UI.InputSystemUIInputModule:ProcessPointerButton(ButtonState&, PointerEventData)
UnityEngine.InputSystem.UI.InputSystemUIInputModule:ProcessPointer(PointerModel&)
UnityEngine.InputSystem.UI.InputSystemUIInputModule:Process()

Trying to load inventory
SaveLoadUtil:LoadOrCreateNewProfile(Int32, PlayerProfile&, String&, String&)
SplashScreenPanel:OnNextPressed()
UnityEngine.Events.UnityAction:Invoke()
UnityEngine.Events.UnityEvent:Invoke()
UnityEngine.EventSystems.EventFunction`1:Invoke(T1, BaseEventData)
UnityEngine.EventSystems.ExecuteEvents:Execute(GameObject, BaseEventData, EventFunction`1)
UnityEngine.InputSystem.UI.InputSystemUIInputModule:ProcessPointerButton(ButtonState&, PointerEventData)
UnityEngine.InputSystem.UI.InputSystemUIInputModule:ProcessPointer(PointerModel&)
UnityEngine.InputSystem.UI.InputSystemUIInputModule:Process()

Trying to load skilltree
SaveLoadUtil:LoadOrCreateNewProfile(Int32, PlayerProfile&, String&, String&)
SplashScreenPanel:OnNextPressed()
UnityEngine.Events.UnityAction:Invoke()
UnityEngine.Events.UnityEvent:Invoke()
UnityEngine.EventSystems.EventFunction`1:Invoke(T1, BaseEventData)
UnityEngine.EventSystems.ExecuteEvents:Execute(GameObject, BaseEventData, EventFunction`1)
UnityEngine.InputSystem.UI.InputSystemUIInputModule:ProcessPointerButton(ButtonState&, PointerEventData)
UnityEngine.InputSystem.UI.InputSystemUIInputModule:ProcessPointer(PointerModel&)
UnityEngine.InputSystem.UI.InputSystemUIInputModule:Process()

Trying to load mapprogression
SaveLoadUtil:LoadOrCreateNewProfile(Int32, PlayerProfile&, String&, String&)
SplashScreenPanel:OnNextPressed()
UnityEngine.Events.UnityAction:Invoke()
UnityEngine.Events.UnityEvent:Invoke()
UnityEngine.EventSystems.EventFunction`1:Invoke(T1, BaseEventData)
UnityEngine.EventSystems.ExecuteEvents:Execute(GameObject, BaseEventData, EventFunction`1)
UnityEngine.InputSystem.UI.InputSystemUIInputModule:ProcessPointerButton(ButtonState&, PointerEventData)
UnityEngine.InputSystem.UI.InputSystemUIInputModule:ProcessPointer(PointerModel&)
UnityEngine.InputSystem.UI.InputSystemUIInputModule:Process()

Trying to load gamestats
SaveLoadUtil:LoadOrCreateNewProfile(Int32, PlayerProfile&, String&, String&)
SplashScreenPanel:OnNextPressed()
UnityEngine.Events.UnityAction:Invoke()
UnityEngine.Events.UnityEvent:Invoke()
UnityEngine.EventSystems.EventFunction`1:Invoke(T1, BaseEventData)
UnityEngine.EventSystems.ExecuteEvents:Execute(GameObject, BaseEventData, EventFunction`1)
UnityEngine.InputSystem.UI.InputSystemUIInputModule:ProcessPointerButton(ButtonState&, PointerEventData)
UnityEngine.InputSystem.UI.InputSystemUIInputModule:ProcessPointer(PointerModel&)
UnityEngine.InputSystem.UI.InputSystemUIInputModule:Process()

Trying to load characterprogression
SaveLoadUtil:LoadOrCreateNewProfile(Int32, PlayerProfile&, String&, String&)
SplashScreenPanel:OnNextPressed()
UnityEngine.Events.UnityAction:Invoke()
UnityEngine.Events.UnityEvent:Invoke()
UnityEngine.EventSystems.EventFunction`1:Invoke(T1, BaseEventData)
UnityEngine.EventSystems.ExecuteEvents:Execute(GameObject, BaseEventData, EventFunction`1)
UnityEngine.InputSystem.UI.InputSystemUIInputModule:ProcessPointerButton(ButtonState&, PointerEventData)
UnityEngine.InputSystem.UI.InputSystemUIInputModule:ProcessPointer(PointerModel&)
UnityEngine.InputSystem.UI.InputSystemUIInputModule:Process()

Trying to load achievementprogression
SaveLoadUtil:LoadOrCreateNewProfile(Int32, PlayerProfile&, String&, String&)
SplashScreenPanel:OnNextPressed()
UnityEngine.Events.UnityAction:Invoke()
UnityEngine.Events.UnityEvent:Invoke()
UnityEngine.EventSystems.EventFunction`1:Invoke(T1, BaseEventData)
UnityEngine.EventSystems.ExecuteEvents:Execute(GameObject, BaseEventData, EventFunction`1)
UnityEngine.InputSystem.UI.InputSystemUIInputModule:ProcessPointerButton(ButtonState&, PointerEventData)
UnityEngine.InputSystem.UI.InputSystemUIInputModule:ProcessPointer(PointerModel&)
UnityEngine.InputSystem.UI.InputSystemUIInputModule:Process()

Trying to load runes
SaveLoadUtil:LoadOrCreateNewProfile(Int32, PlayerProfile&, String&, String&)
SplashScreenPanel:OnNextPressed()
UnityEngine.Events.UnityAction:Invoke()
UnityEngine.Events.UnityEvent:Invoke()
UnityEngine.EventSystems.EventFunction`1:Invoke(T1, BaseEventData)
UnityEngine.EventSystems.ExecuteEvents:Execute(GameObject, BaseEventData, EventFunction`1)
UnityEngine.InputSystem.UI.InputSystemUIInputModule:ProcessPointerButton(ButtonState&, PointerEventData)
UnityEngine.InputSystem.UI.InputSystemUIInputModule:ProcessPointer(PointerModel&)
UnityEngine.InputSystem.UI.InputSystemUIInputModule:Process()

Migrating unlocked character data
SaveLoadUtil:LoadOrCreateNewProfile(Int32, PlayerProfile&, String&, String&)
SplashScreenPanel:OnNextPressed()
UnityEngine.Events.UnityAction:Invoke()
UnityEngine.Events.UnityEvent:Invoke()
UnityEngine.EventSystems.EventFunction`1:Invoke(T1, BaseEventData)
UnityEngine.EventSystems.ExecuteEvents:Execute(GameObject, BaseEventData, EventFunction`1)
UnityEngine.InputSystem.UI.InputSystemUIInputModule:ProcessPointerButton(ButtonState&, PointerEventData)
UnityEngine.InputSystem.UI.InputSystemUIInputModule:ProcessPointer(PointerModel&)
UnityEngine.InputSystem.UI.InputSystemUIInputModule:Process()

Migrating no character available
SaveLoadUtil:LoadOrCreateNewProfile(Int32, PlayerProfile&, String&, String&)
SplashScreenPanel:OnNextPressed()
UnityEngine.Events.UnityAction:Invoke()
UnityEngine.Events.UnityEvent:Invoke()
UnityEngine.EventSystems.EventFunction`1:Invoke(T1, BaseEventData)
UnityEngine.EventSystems.ExecuteEvents:Execute(GameObject, BaseEventData, EventFunction`1)
UnityEngine.InputSystem.UI.InputSystemUIInputModule:ProcessPointerButton(ButtonState&, PointerEventData)
UnityEngine.InputSystem.UI.InputSystemUIInputModule:ProcessPointer(PointerModel&)
UnityEngine.InputSystem.UI.InputSystemUIInputModule:Process()

Migrating equipped weapons
SaveLoadUtil:LoadOrCreateNewProfile(Int32, PlayerProfile&, String&, String&)
SplashScreenPanel:OnNextPressed()
UnityEngine.Events.UnityAction:Invoke()
UnityEngine.Events.UnityEvent:Invoke()
UnityEngine.EventSystems.EventFunction`1:Invoke(T1, BaseEventData)
UnityEngine.EventSystems.ExecuteEvents:Execute(GameObject, BaseEventData, EventFunction`1)
UnityEngine.InputSystem.UI.InputSystemUIInputModule:ProcessPointerButton(ButtonState&, PointerEventData)
UnityEngine.InputSystem.UI.InputSystemUIInputModule:ProcessPointer(PointerModel&)
UnityEngine.InputSystem.UI.InputSystemUIInputModule:Process()

Migrating unlocked weapons
SaveLoadUtil:LoadOrCreateNewProfile(Int32, PlayerProfile&, String&, String&)
SplashScreenPanel:OnNextPressed()
UnityEngine.Events.UnityAction:Invoke()
UnityEngine.Events.UnityEvent:Invoke()
UnityEngine.EventSystems.EventFunction`1:Invoke(T1, BaseEventData)
UnityEngine.EventSystems.ExecuteEvents:Execute(GameObject, BaseEventData, EventFunction`1)
UnityEngine.InputSystem.UI.InputSystemUIInputModule:ProcessPointerButton(ButtonState&, PointerEventData)
UnityEngine.InputSystem.UI.InputSystemUIInputModule:ProcessPointer(PointerModel&)
UnityEngine.InputSystem.UI.InputSystemUIInputModule:Process()

Migrating character progress
SaveLoadUtil:LoadOrCreateNewProfile(Int32, PlayerProfile&, String&, String&)
SplashScreenPanel:OnNextPressed()
UnityEngine.Events.UnityAction:Invoke()
UnityEngine.Events.UnityEvent:Invoke()
UnityEngine.EventSystems.EventFunction`1:Invoke(T1, BaseEventData)
UnityEngine.EventSystems.ExecuteEvents:Execute(GameObject, BaseEventData, EventFunction`1)
UnityEngine.InputSystem.UI.InputSystemUIInputModule:ProcessPointerButton(ButtonState&, PointerEventData)
UnityEngine.InputSystem.UI.InputSystemUIInputModule:ProcessPointer(PointerModel&)
UnityEngine.InputSystem.UI.InputSystemUIInputModule:Process()

Verifying affixes
SaveLoadUtil:LoadOrCreateNewProfile(Int32, PlayerProfile&, String&, String&)
SplashScreenPanel:OnNextPressed()
UnityEngine.Events.UnityAction:Invoke()
UnityEngine.Events.UnityEvent:Invoke()
UnityEngine.EventSystems.EventFunction`1:Invoke(T1, BaseEventData)
UnityEngine.EventSystems.ExecuteEvents:Execute(GameObject, BaseEventData, EventFunction`1)
UnityEngine.InputSystem.UI.InputSystemUIInputModule:ProcessPointerButton(ButtonState&, PointerEventData)
UnityEngine.InputSystem.UI.InputSystemUIInputModule:ProcessPointer(PointerModel&)
UnityEngine.InputSystem.UI.InputSystemUIInputModule:Process()

Saving metadata
SaveLoadUtil:SaveMetadata(Int32, PlayerProfileMetadata)
SaveLoadUtil:SaveAll(PlayerProfile)
SplashScreenPanel:OnNextPressed()
UnityEngine.Events.UnityAction:Invoke()
UnityEngine.Events.UnityEvent:Invoke()
UnityEngine.EventSystems.EventFunction`1:Invoke(T1, BaseEventData)
UnityEngine.EventSystems.ExecuteEvents:Execute(GameObject, BaseEventData, EventFunction`1)
UnityEngine.InputSystem.UI.InputSystemUIInputModule:ProcessPointerButton(ButtonState&, PointerEventData)
UnityEngine.InputSystem.UI.InputSystemUIInputModule:ProcessPointer(PointerModel&)
UnityEngine.InputSystem.UI.InputSystemUIInputModule:Process()

Saving selected character
SaveLoadUtil:SaveCharacter(Int32, PlayerProfileSelectedCharacter)
SaveLoadUtil:SaveAll(PlayerProfile)
SplashScreenPanel:OnNextPressed()
UnityEngine.Events.UnityAction:Invoke()
UnityEngine.Events.UnityEvent:Invoke()
UnityEngine.EventSystems.EventFunction`1:Invoke(T1, BaseEventData)
UnityEngine.EventSystems.ExecuteEvents:Execute(GameObject, BaseEventData, EventFunction`1)
UnityEngine.InputSystem.UI.InputSystemUIInputModule:ProcessPointerButton(ButtonState&, PointerEventData)
UnityEngine.InputSystem.UI.InputSystemUIInputModule:ProcessPointer(PointerModel&)
UnityEngine.InputSystem.UI.InputSystemUIInputModule:Process()

Saving currencies
SaveLoadUtil:SaveCurrencies(Int32, PlayerProfileCurrencies)
SaveLoadUtil:SaveAll(PlayerProfile)
SplashScreenPanel:OnNextPressed()
UnityEngine.Events.UnityAction:Invoke()
UnityEngine.Events.UnityEvent:Invoke()
UnityEngine.EventSystems.EventFunction`1:Invoke(T1, BaseEventData)
UnityEngine.EventSystems.ExecuteEvents:Execute(GameObject, BaseEventData, EventFunction`1)
UnityEngine.InputSystem.UI.InputSystemUIInputModule:ProcessPointerButton(ButtonState&, PointerEventData)
UnityEngine.InputSystem.UI.InputSystemUIInputModule:ProcessPointer(PointerModel&)
UnityEngine.InputSystem.UI.InputSystemUIInputModule:Process()

Saving unlocked characters
SaveLoadUtil:SaveUnlockedCharacters(Int32, PlayerProfileUnlockedCharacters)
SaveLoadUtil:SaveAll(PlayerProfile)
SplashScreenPanel:OnNextPressed()
UnityEngine.Events.UnityAction:Invoke()
UnityEngine.Events.UnityEvent:Invoke()
UnityEngine.EventSystems.EventFunction`1:Invoke(T1, BaseEventData)
UnityEngine.EventSystems.ExecuteEvents:Execute(GameObject, BaseEventData, EventFunction`1)
UnityEngine.InputSystem.UI.InputSystemUIInputModule:ProcessPointerButton(ButtonState&, PointerEventData)
UnityEngine.InputSystem.UI.InputSystemUIInputModule:ProcessPointer(PointerModel&)
UnityEngine.InputSystem.UI.InputSystemUIInputModule:Process()

Saving unlocked weapons
SaveLoadUtil:SaveUnlockedWeapons(Int32, PlayerProfileUnlockedWeapons)
SaveLoadUtil:SaveAll(PlayerProfile)
SplashScreenPanel:OnNextPressed()
UnityEngine.Events.UnityAction:Invoke()
UnityEngine.Events.UnityEvent:Invoke()
UnityEngine.EventSystems.EventFunction`1:Invoke(T1, BaseEventData)
UnityEngine.EventSystems.ExecuteEvents:Execute(GameObject, BaseEventData, EventFunction`1)
UnityEngine.InputSystem.UI.InputSystemUIInputModule:ProcessPointerButton(ButtonState&, PointerEventData)
UnityEngine.InputSystem.UI.InputSystemUIInputModule:ProcessPointer(PointerModel&)
UnityEngine.InputSystem.UI.InputSystemUIInputModule:Process()

Saving weapons per character
SaveLoadUtil:SaveWeaponPerCharacter(Int32, PlayerProfileSelectedWeaponPerCharacter)
SaveLoadUtil:SaveAll(PlayerProfile)
SplashScreenPanel:OnNextPressed()
UnityEngine.Events.UnityAction:Invoke()
UnityEngine.Events.UnityEvent:Invoke()
UnityEngine.EventSystems.EventFunction`1:Invoke(T1, BaseEventData)
UnityEngine.EventSystems.ExecuteEvents:Execute(GameObject, BaseEventData, EventFunction`1)
UnityEngine.InputSystem.UI.InputSystemUIInputModule:ProcessPointerButton(ButtonState&, PointerEventData)
UnityEngine.InputSystem.UI.InputSystemUIInputModule:ProcessPointer(PointerModel&)
UnityEngine.InputSystem.UI.InputSystemUIInputModule:Process()

Saving inventory
SaveLoadUtil:SaveInventory(Int32, PlayerProfileInventory)
SaveLoadUtil:SaveAll(PlayerProfile)
SplashScreenPanel:OnNextPressed()
UnityEngine.Events.UnityAction:Invoke()
UnityEngine.Events.UnityEvent:Invoke()
UnityEngine.EventSystems.EventFunction`1:Invoke(T1, BaseEventData)
UnityEngine.EventSystems.ExecuteEvents:Execute(GameObject, BaseEventData, EventFunction`1)
UnityEngine.InputSystem.UI.InputSystemUIInputModule:ProcessPointerButton(ButtonState&, PointerEventData)
UnityEngine.InputSystem.UI.InputSystemUIInputModule:ProcessPointer(PointerModel&)
UnityEngine.InputSystem.UI.InputSystemUIInputModule:Process()

Saving skill tree
SaveLoadUtil:SaveSkillTree(Int32, PlayerProfileSkillTree)
SaveLoadUtil:SaveAll(PlayerProfile)
SplashScreenPanel:OnNextPressed()
UnityEngine.Events.UnityAction:Invoke()
UnityEngine.Events.UnityEvent:Invoke()
UnityEngine.EventSystems.EventFunction`1:Invoke(T1, BaseEventData)
UnityEngine.EventSystems.ExecuteEvents:Execute(GameObject, BaseEventData, EventFunction`1)
UnityEngine.InputSystem.UI.InputSystemUIInputModule:ProcessPointerButton(ButtonState&, PointerEventData)
UnityEngine.InputSystem.UI.InputSystemUIInputModule:ProcessPointer(PointerModel&)
UnityEngine.InputSystem.UI.InputSystemUIInputModule:Process()

Saving map progress
SaveLoadUtil:SaveMapProgression(Int32, PlayerProfileMapProgression)
SaveLoadUtil:SaveAll(PlayerProfile)
SplashScreenPanel:OnNextPressed()
UnityEngine.Events.UnityAction:Invoke()
UnityEngine.Events.UnityEvent:Invoke()
UnityEngine.EventSystems.EventFunction`1:Invoke(T1, BaseEventData)
UnityEngine.EventSystems.ExecuteEvents:Execute(GameObject, BaseEventData, EventFunction`1)
UnityEngine.InputSystem.UI.InputSystemUIInputModule:ProcessPointerButton(ButtonState&, PointerEventData)
UnityEngine.InputSystem.UI.InputSystemUIInputModule:ProcessPointer(PointerModel&)
UnityEngine.InputSystem.UI.InputSystemUIInputModule:Process()

Saving game stats
SaveLoadUtil:SaveGameStats(Int32, PlayerProfileGameStats)
SaveLoadUtil:SaveAll(PlayerProfile)
SplashScreenPanel:OnNextPressed()
UnityEngine.Events.UnityAction:Invoke()
UnityEngine.Events.UnityEvent:Invoke()
UnityEngine.EventSystems.EventFunction`1:Invoke(T1, BaseEventData)
UnityEngine.EventSystems.ExecuteEvents:Execute(GameObject, BaseEventData, EventFunction`1)
UnityEngine.InputSystem.UI.InputSystemUIInputModule:ProcessPointerButton(ButtonState&, PointerEventData)
UnityEngine.InputSystem.UI.InputSystemUIInputModule:ProcessPointer(PointerModel&)
UnityEngine.InputSystem.UI.InputSystemUIInputModule:Process()

Saving character progression
SaveLoadUtil:SaveCharacterProgression(Int32, PlayerProfileCharacterProgression)
SaveLoadUtil:SaveAll(PlayerProfile)
SplashScreenPanel:OnNextPressed()
UnityEngine.Events.UnityAction:Invoke()
UnityEngine.Events.UnityEvent:Invoke()
UnityEngine.EventSystems.EventFunction`1:Invoke(T1, BaseEventData)
UnityEngine.EventSystems.ExecuteEvents:Execute(GameObject, BaseEventData, EventFunction`1)
UnityEngine.InputSystem.UI.InputSystemUIInputModule:ProcessPointerButton(ButtonState&, PointerEventData)
UnityEngine.InputSystem.UI.InputSystemUIInputModule:ProcessPointer(PointerModel&)
UnityEngine.InputSystem.UI.InputSystemUIInputModule:Process()

Saving achievement progression
SaveLoadUtil:SaveAchievementProgression(Int32, PlayerProfileAchievementProgression)
SaveLoadUtil:SaveAll(PlayerProfile)
SplashScreenPanel:OnNextPressed()
UnityEngine.Events.UnityAction:Invoke()
UnityEngine.Events.UnityEvent:Invoke()
UnityEngine.EventSystems.EventFunction`1:Invoke(T1, BaseEventData)
UnityEngine.EventSystems.ExecuteEvents:Execute(GameObject, BaseEventData, EventFunction`1)
UnityEngine.InputSystem.UI.InputSystemUIInputModule:ProcessPointerButton(ButtonState&, PointerEventData)
UnityEngine.InputSystem.UI.InputSystemUIInputModule:ProcessPointer(PointerModel&)
UnityEngine.InputSystem.UI.InputSystemUIInputModule:Process()

Saving runes
SaveLoadUtil:SaveRunes(Int32, PlayerProfileRunes)
SplashScreenPanel:OnNextPressed()
UnityEngine.Events.UnityAction:Invoke()
UnityEngine.Events.UnityEvent:Invoke()
UnityEngine.EventSystems.EventFunction`1:Invoke(T1, BaseEventData)
UnityEngine.EventSystems.ExecuteEvents:Execute(GameObject, BaseEventData, EventFunction`1)
UnityEngine.InputSystem.UI.InputSystemUIInputModule:ProcessPointerButton(ButtonState&, PointerEventData)
UnityEngine.InputSystem.UI.InputSystemUIInputModule:ProcessPointer(PointerModel&)
UnityEngine.InputSystem.UI.InputSystemUIInputModule:Process()

Could not find PlayerSkillItem with id [SkillTreeRunicPower] in the player profile!
SkillTreeScreenPanel:SetupWithPlayerProfile()
MenuManager:Update()

Could not find PlayerSkillItem with id [BlockChance] in the player profile!
SkillTreeScreenPanel:SetupWithPlayerProfile()
MenuManager:Update()

Could not find PlayerSkillItem with id [EndOfWorldRegenerationModifierSurvivors] in the player profile!
SkillTreeScreenPanel:SetupWithPlayerProfile()
MenuManager:Update()

Could not find PlayerSkillItem with id [DamageReduction] in the player profile!
SkillTreeScreenPanel:SetupWithPlayerProfile()
MenuManager:Update()

Could not find PlayerSkillItem with id [DeathGuards] in the player profile!
SkillTreeScreenPanel:SetupWithPlayerProfile()
MenuManager:Update()

Could not find PlayerSkillItem with id [CollectRange] in the player profile!
SkillTreeScreenPanel:SetupWithPlayerProfile()
MenuManager:Update()

Could not find PlayerSkillItem with id [CurrencyModifier] in the player profile!
SkillTreeScreenPanel:SetupWithPlayerProfile()
MenuManager:Update()

Could not find PlayerSkillItem with id [Rerolls] in the player profile!
SkillTreeScreenPanel:SetupWithPlayerProfile()
MenuManager:Update()

Could not find PlayerSkillItem with id [ExperienceModifier] in the player profile!
SkillTreeScreenPanel:SetupWithPlayerProfile()
MenuManager:Update()

Could not find PlayerSkillItem with id [CritChance] in the player profile!
SkillTreeScreenPanel:SetupWithPlayerProfile()
MenuManager:Update()

Could not find PlayerSkillItem with id [HealthOnLevelUp] in the player profile!
SkillTreeScreenPanel:SetupWithPlayerProfile()
MenuManager:Update()

Could not find PlayerSkillItem with id [DashCount] in the player profile!
SkillTreeScreenPanel:SetupWithPlayerProfile()
MenuManager:Update()

Could not find PlayerSkillItem with id [CritPotency] in the player profile!
SkillTreeScreenPanel:SetupWithPlayerProfile()
MenuManager:Update()

Could not find PlayerSkillItem with id [Banish] in the player profile!
SkillTreeScreenPanel:SetupWithPlayerProfile()
MenuManager:Update()

Could not find PlayerSkillItem with id [AreaModifier] in the player profile!
SkillTreeScreenPanel:SetupWithPlayerProfile()
MenuManager:Update()

Could not find PlayerSkillItem with id [Lock] in the player profile!
SkillTreeScreenPanel:SetupWithPlayerProfile()
MenuManager:Update()

Unloading 10 Unused Serialized files (Serialized files now loaded: 0)
UnloadTime: 31.097018 ms

Unloading 18432 unused Assets to reduce memory usage. Loaded Objects now: 140414.
Total: 141.848737 ms (FindLiveObjects: 7.887762 ms CreateObjectMapping: 5.230101 ms MarkObjects: 116.058841 ms  DeleteObjects: 12.671343 ms)

Saving game stats
SaveLoadUtil:SaveGameStats(Int32, PlayerProfileGameStats)
GameManagerUtil:SaveFinalGameStats(EndlessData, GameStats, PlayerProfileGameStatsMatch&, PreviousBestMatchStats&)
SurvivorsGameManager:Update()

Saving achievement progression
SaveLoadUtil:SaveAchievementProgression(Int32, PlayerProfileAchievementProgression)
GameManagerUtil:SaveFinalGameStats(EndlessData, GameStats, PlayerProfileGameStatsMatch&, PreviousBestMatchStats&)
SurvivorsGameManager:Update()

Saving currencies
SaveLoadUtil:SaveCurrencies(Int32, PlayerProfileCurrencies)
InventoryComponent:SaveToProfile()
<ShowEndingScreen>d__70:MoveNext()
UnityEngine.SetupCoroutine:InvokeMoveNext(IEnumerator, IntPtr)
SurvivorsGameManager:OnPlayerEnterPortal()
UnityEngine.Events.UnityAction:Invoke()
UnityEngine.Events.UnityEvent:Invoke()

Saving inventory
SaveLoadUtil:SaveInventory(Int32, PlayerProfileInventory)
InventoryComponent:SaveToProfile()
<ShowEndingScreen>d__70:MoveNext()
UnityEngine.SetupCoroutine:InvokeMoveNext(IEnumerator, IntPtr)
SurvivorsGameManager:OnPlayerEnterPortal()
UnityEngine.Events.UnityAction:Invoke()
UnityEngine.Events.UnityEvent:Invoke()

Saving character progression
SaveLoadUtil:SaveCharacterProgression(Int32, PlayerProfileCharacterProgression)
InventoryComponent:SaveToProfile()
<ShowEndingScreen>d__70:MoveNext()
UnityEngine.SetupCoroutine:InvokeMoveNext(IEnumerator, IntPtr)
SurvivorsGameManager:OnPlayerEnterPortal()
UnityEngine.Events.UnityAction:Invoke()
UnityEngine.Events.UnityEvent:Invoke()

Saving achievement progression
SaveLoadUtil:SaveAchievementProgression(Int32, PlayerProfileAchievementProgression)
InventoryComponent:SaveToProfile()
<ShowEndingScreen>d__70:MoveNext()
UnityEngine.SetupCoroutine:InvokeMoveNext(IEnumerator, IntPtr)
SurvivorsGameManager:OnPlayerEnterPortal()
UnityEngine.Events.UnityAction:Invoke()
UnityEngine.Events.UnityEvent:Invoke()

Saving map progress
SaveLoadUtil:SaveMapProgression(Int32, PlayerProfileMapProgression)
SurvivorsGameManager:SaveToProfile()
SurvivorsGameManager:OnPlayerEnterPortal()
UnityEngine.Events.UnityAction:Invoke()
UnityEngine.Events.UnityEvent:Invoke()

Saving achievement progression
SaveLoadUtil:SaveAchievementProgression(Int32, PlayerProfileAchievementProgression)
SurvivorsGameManager:SaveToProfile()
SurvivorsGameManager:OnPlayerEnterPortal()
UnityEngine.Events.UnityAction:Invoke()
UnityEngine.Events.UnityEvent:Invoke()

Unloading 6 Unused Serialized files (Serialized files now loaded: 0)
UnloadTime: 304.227970 ms

Unloading 28829 unused Assets to reduce memory usage. Loaded Objects now: 44015.
Total: 185.706419 ms (FindLiveObjects: 4.413312 ms CreateObjectMapping: 4.730011 ms MarkObjects: 93.046214 ms  DeleteObjects: 83.516242 ms)

Trying to load meta
SaveLoadUtil:LoadOrCreateNewProfile(Int32, PlayerProfile&, String&, String&)
SplashScreenPanel:SetSaveSlotLabel(LocalizedLabelWithParams, Int32)
SplashScreenPanel:UpdateCurrentlySelected(Boolean)
MenuManager:Start()

Trying to load currencies
SaveLoadUtil:LoadOrCreateNewProfile(Int32, PlayerProfile&, String&, String&)
SplashScreenPanel:SetSaveSlotLabel(LocalizedLabelWithParams, Int32)
SplashScreenPanel:UpdateCurrentlySelected(Boolean)
MenuManager:Start()

Trying to load unlockedcharacters
SaveLoadUtil:LoadOrCreateNewProfile(Int32, PlayerProfile&, String&, String&)
SplashScreenPanel:SetSaveSlotLabel(LocalizedLabelWithParams, Int32)
SplashScreenPanel:UpdateCurrentlySelected(Boolean)
MenuManager:Start()

Trying to load character
SaveLoadUtil:LoadOrCreateNewProfile(Int32, PlayerProfile&, String&, String&)
SplashScreenPanel:SetSaveSlotLabel(LocalizedLabelWithParams, Int32)
SplashScreenPanel:UpdateCurrentlySelected(Boolean)
MenuManager:Start()

Trying to load unlockedweapons
SaveLoadUtil:LoadOrCreateNewProfile(Int32, PlayerProfile&, String&, String&)
SplashScreenPanel:SetSaveSlotLabel(LocalizedLabelWithParams, Int32)
SplashScreenPanel:UpdateCurrentlySelected(Boolean)
MenuManager:Start()

Trying to load weaponpercharaters
SaveLoadUtil:LoadOrCreateNewProfile(Int32, PlayerProfile&, String&, String&)
SplashScreenPanel:SetSaveSlotLabel(LocalizedLabelWithParams, Int32)
SplashScreenPanel:UpdateCurrentlySelected(Boolean)
MenuManager:Start()

Trying to load inventory
SaveLoadUtil:LoadOrCreateNewProfile(Int32, PlayerProfile&, String&, String&)
SplashScreenPanel:SetSaveSlotLabel(LocalizedLabelWithParams, Int32)
SplashScreenPanel:UpdateCurrentlySelected(Boolean)
MenuManager:Start()

Trying to load skilltree
SaveLoadUtil:LoadOrCreateNewProfile(Int32, PlayerProfile&, String&, String&)
SplashScreenPanel:SetSaveSlotLabel(LocalizedLabelWithParams, Int32)
SplashScreenPanel:UpdateCurrentlySelected(Boolean)
MenuManager:Start()

Trying to load mapprogression
SaveLoadUtil:LoadOrCreateNewProfile(Int32, PlayerProfile&, String&, String&)
SplashScreenPanel:SetSaveSlotLabel(LocalizedLabelWithParams, Int32)
SplashScreenPanel:UpdateCurrentlySelected(Boolean)
MenuManager:Start()

Trying to load gamestats
SaveLoadUtil:LoadOrCreateNewProfile(Int32, PlayerProfile&, String&, String&)
SplashScreenPanel:SetSaveSlotLabel(LocalizedLabelWithParams, Int32)
SplashScreenPanel:UpdateCurrentlySelected(Boolean)
MenuManager:Start()

Trying to load characterprogression
SaveLoadUtil:LoadOrCreateNewProfile(Int32, PlayerProfile&, String&, String&)
SplashScreenPanel:SetSaveSlotLabel(LocalizedLabelWithParams, Int32)
SplashScreenPanel:UpdateCurrentlySelected(Boolean)
MenuManager:Start()

Trying to load achievementprogression
SaveLoadUtil:LoadOrCreateNewProfile(Int32, PlayerProfile&, String&, String&)
SplashScreenPanel:SetSaveSlotLabel(LocalizedLabelWithParams, Int32)
SplashScreenPanel:UpdateCurrentlySelected(Boolean)
MenuManager:Start()

Trying to load runes
SaveLoadUtil:LoadOrCreateNewProfile(Int32, PlayerProfile&, String&, String&)
SplashScreenPanel:SetSaveSlotLabel(LocalizedLabelWithParams, Int32)
SplashScreenPanel:UpdateCurrentlySelected(Boolean)
MenuManager:Start()

Migrating unlocked character data
SaveLoadUtil:LoadOrCreateNewProfile(Int32, PlayerProfile&, String&, String&)
SplashScreenPanel:SetSaveSlotLabel(LocalizedLabelWithParams, Int32)
SplashScreenPanel:UpdateCurrentlySelected(Boolean)
MenuManager:Start()

Migrating no character available
SaveLoadUtil:LoadOrCreateNewProfile(Int32, PlayerProfile&, String&, String&)
SplashScreenPanel:SetSaveSlotLabel(LocalizedLabelWithParams, Int32)
SplashScreenPanel:UpdateCurrentlySelected(Boolean)
MenuManager:Start()

Migrating equipped weapons
SaveLoadUtil:LoadOrCreateNewProfile(Int32, PlayerProfile&, String&, String&)
SplashScreenPanel:SetSaveSlotLabel(LocalizedLabelWithParams, Int32)
SplashScreenPanel:UpdateCurrentlySelected(Boolean)
MenuManager:Start()

Migrating unlocked weapons
SaveLoadUtil:LoadOrCreateNewProfile(Int32, PlayerProfile&, String&, String&)
SplashScreenPanel:SetSaveSlotLabel(LocalizedLabelWithParams, Int32)
SplashScreenPanel:UpdateCurrentlySelected(Boolean)
MenuManager:Start()

Migrating character progress
SaveLoadUtil:LoadOrCreateNewProfile(Int32, PlayerProfile&, String&, String&)
SplashScreenPanel:SetSaveSlotLabel(LocalizedLabelWithParams, Int32)
SplashScreenPanel:UpdateCurrentlySelected(Boolean)
MenuManager:Start()

Verifying affixes
SaveLoadUtil:LoadOrCreateNewProfile(Int32, PlayerProfile&, String&, String&)
SplashScreenPanel:SetSaveSlotLabel(LocalizedLabelWithParams, Int32)
SplashScreenPanel:UpdateCurrentlySelected(Boolean)
MenuManager:Start()

Could not find PlayerSkillItem with id [SkillTreeRunicPower] in the player profile!
SkillTreeScreenPanel:SetupWithPlayerProfile()
MenuManager:Update()

Could not find PlayerSkillItem with id [BlockChance] in the player profile!
SkillTreeScreenPanel:SetupWithPlayerProfile()
MenuManager:Update()

Could not find PlayerSkillItem with id [EndOfWorldRegenerationModifierSurvivors] in the player profile!
SkillTreeScreenPanel:SetupWithPlayerProfile()
MenuManager:Update()

Could not find PlayerSkillItem with id [DamageReduction] in the player profile!
SkillTreeScreenPanel:SetupWithPlayerProfile()
MenuManager:Update()

Could not find PlayerSkillItem with id [DeathGuards] in the player profile!
SkillTreeScreenPanel:SetupWithPlayerProfile()
MenuManager:Update()

Could not find PlayerSkillItem with id [CollectRange] in the player profile!
SkillTreeScreenPanel:SetupWithPlayerProfile()
MenuManager:Update()

Could not find PlayerSkillItem with id [CurrencyModifier] in the player profile!
SkillTreeScreenPanel:SetupWithPlayerProfile()
MenuManager:Update()

Could not find PlayerSkillItem with id [Rerolls] in the player profile!
SkillTreeScreenPanel:SetupWithPlayerProfile()
MenuManager:Update()

Could not find PlayerSkillItem with id [ExperienceModifier] in the player profile!
SkillTreeScreenPanel:SetupWithPlayerProfile()
MenuManager:Update()

Could not find PlayerSkillItem with id [CritChance] in the player profile!
SkillTreeScreenPanel:SetupWithPlayerProfile()
MenuManager:Update()

Could not find PlayerSkillItem with id [HealthOnLevelUp] in the player profile!
SkillTreeScreenPanel:SetupWithPlayerProfile()
MenuManager:Update()

Could not find PlayerSkillItem with id [DashCount] in the player profile!
SkillTreeScreenPanel:SetupWithPlayerProfile()
MenuManager:Update()

Could not find PlayerSkillItem with id [CritPotency] in the player profile!
SkillTreeScreenPanel:SetupWithPlayerProfile()
MenuManager:Update()

Could not find PlayerSkillItem with id [Banish] in the player profile!
SkillTreeScreenPanel:SetupWithPlayerProfile()
MenuManager:Update()

Could not find PlayerSkillItem with id [AreaModifier] in the player profile!
SkillTreeScreenPanel:SetupWithPlayerProfile()
MenuManager:Update()

Could not find PlayerSkillItem with id [Lock] in the player profile!
SkillTreeScreenPanel:SetupWithPlayerProfile()
MenuManager:Update()

Saving currencies
SaveLoadUtil:SaveCurrencies(Int32, PlayerProfileCurrencies)
SkillTreeScreenPanel:OnUpdate()
MenuManager:Update()

Saving skill tree
SaveLoadUtil:SaveSkillTree(Int32, PlayerProfileSkillTree)
SkillTreeScreenPanel:OnUpdate()
MenuManager:Update()

Saving currencies
SaveLoadUtil:SaveCurrencies(Int32, PlayerProfileCurrencies)
SkillTreeScreenPanel:OnUpdate()
MenuManager:Update()

Saving skill tree
SaveLoadUtil:SaveSkillTree(Int32, PlayerProfileSkillTree)
SkillTreeScreenPanel:OnUpdate()
MenuManager:Update()

Discord discard called
DiscordManager:Discard()

Setting up 6 worker threads for Enlighten.
  Thread -> id: 7f5ba1bff6c0 -> priority: 1 
  Thread -> id: 7f5b87fff6c0 -> priority: 1 
  Thread -> id: 7f5b877fe6c0 -> priority: 1 
  Thread -> id: 7f5b86ffd6c0 -> priority: 1 
  Thread -> id: 7f5b867fc6c0 -> priority: 1 
  Thread -> id: 7f5b85ffb6c0 -> priority: 1 
Vulkan PSO: data extracted [new size=585824, old size=544288, incomplete=0]
Vulkan PSO: Saved size[585824] path[/tmp/Game Smithing/Soulstone Survivors/vulkan_pso_cache.bin] success=1 headerChanged=0 sizeChanged=1
Curl error 42: Callback aborted
